2025-10-24 10:29:30,738 - INFO - CSV file initialized: weblate_performance.csv
2025-10-24 10:29:30,738 - INFO - Starting Weblate system monitoring...
2025-10-24 10:29:30,738 - INFO - Monitoring interval: 10 seconds
2025-10-24 10:29:30,739 - INFO - Output file: weblate_performance.csv
2025-10-24 10:29:30,739 - INFO - Monitoring duration: 30 seconds
2025-10-24 10:29:31,744 - ERROR - Error collecting Weblate process metrics: invalid attr name 'connections'
2025-10-24 10:29:31,745 - INFO - Sample 1: CPU: 59.7%, Memory: 52.7%, Weblate processes: 0, Weblate CPU: 0.0%
2025-10-24 10:29:41,742 - ERROR - Error collecting Weblate process metrics: invalid attr name 'connections'
2025-10-24 10:29:41,743 - INFO - Sample 2: CPU: 68.4%, Memory: 52.7%, Weblate processes: 0, Weblate CPU: 0.0%
2025-10-24 10:29:51,744 - ERROR - Error collecting Weblate process metrics: invalid attr name 'connections'
2025-10-24 10:29:51,746 - INFO - Sample 3: CPU: 56.1%, Memory: 53.2%, Weblate processes: 0, Weblate CPU: 0.0%
2025-10-24 10:30:01,742 - ERROR - Error collecting Weblate process metrics: invalid attr name 'connections'
2025-10-24 10:30:01,746 - INFO - Sample 4: CPU: 64.4%, Memory: 52.9%, Weblate processes: 0, Weblate CPU: 0.0%
2025-10-24 10:30:01,746 - INFO - Monitoring duration completed
2025-10-24 10:30:01,746 - INFO - Monitoring stopped. Total samples: 4
2025-10-24 10:30:01,746 - INFO - Results saved to: weblate_performance.csv
2025-10-24 10:30:32,811 - INFO - CSV file initialized: weblate_performance.csv
2025-10-24 10:30:32,811 - INFO - Starting Weblate system monitoring...
2025-10-24 10:30:32,812 - INFO - Monitoring interval: 5 seconds
2025-10-24 10:30:32,812 - INFO - Output file: weblate_performance.csv
2025-10-24 10:30:32,812 - INFO - Monitoring duration: 20 seconds
2025-10-24 10:30:33,815 - ERROR - Error collecting Weblate process metrics: invalid attr name 'connections'
2025-10-24 10:30:33,817 - INFO - Sample 1: CPU: 55.2%, Memory: 54.1%, Weblate processes: 0, Weblate CPU: 0.0%
2025-10-24 10:30:38,815 - ERROR - Error collecting Weblate process metrics: invalid attr name 'connections'
2025-10-24 10:30:38,819 - INFO - Sample 2: CPU: 59.0%, Memory: 53.8%, Weblate processes: 0, Weblate CPU: 0.0%
2025-10-24 10:30:43,817 - ERROR - Error collecting Weblate process metrics: invalid attr name 'connections'
2025-10-24 10:30:43,819 - INFO - Sample 3: CPU: 53.3%, Memory: 53.8%, Weblate processes: 0, Weblate CPU: 0.0%
2025-10-24 10:30:48,815 - ERROR - Error collecting Weblate process metrics: invalid attr name 'connections'
2025-10-24 10:30:48,816 - INFO - Sample 4: CPU: 55.9%, Memory: 53.7%, Weblate processes: 0, Weblate CPU: 0.0%
2025-10-24 10:30:53,816 - ERROR - Error collecting Weblate process metrics: invalid attr name 'connections'
2025-10-24 10:30:53,818 - INFO - Sample 5: CPU: 53.8%, Memory: 53.6%, Weblate processes: 0, Weblate CPU: 0.0%
2025-10-24 10:30:53,819 - INFO - Monitoring duration completed
2025-10-24 10:30:53,819 - INFO - Monitoring stopped. Total samples: 5
2025-10-24 10:30:53,820 - INFO - Results saved to: weblate_performance.csv
2025-10-24 10:34:06,668 - INFO - CSV file initialized: weblate_performance.csv
2025-10-24 10:34:06,668 - INFO - Starting Weblate system monitoring...
2025-10-24 10:34:06,668 - INFO - Monitoring interval: 10 seconds
2025-10-24 10:34:06,668 - INFO - Output file: weblate_performance.csv
2025-10-24 10:34:06,668 - INFO - Monitoring duration: 30 seconds
2025-10-24 10:34:07,763 - INFO - Sample 1: CPU: 73.1%, Memory: 54.7%, Weblate processes: 14, Weblate CPU: 0.0%
2025-10-24 10:34:17,729 - INFO - Sample 2: CPU: 57.4%, Memory: 52.8%, Weblate processes: 14, Weblate CPU: 0.0%
2025-10-24 10:34:27,727 - INFO - Sample 3: CPU: 55.4%, Memory: 52.9%, Weblate processes: 14, Weblate CPU: 0.0%
2025-10-24 10:34:37,715 - INFO - Sample 4: CPU: 16.1%, Memory: 53.2%, Weblate processes: 14, Weblate CPU: 0.0%
2025-10-24 10:34:37,716 - INFO - Monitoring duration completed
2025-10-24 10:34:37,716 - INFO - Monitoring stopped. Total samples: 4
2025-10-24 10:34:37,716 - INFO - Results saved to: weblate_performance.csv
2025-10-24 10:39:25,121 - INFO - CSV file initialized: weblate_performance.csv
2025-10-24 10:39:25,121 - INFO - Starting Weblate system monitoring...
2025-10-24 10:39:25,121 - INFO - Monitoring interval: 5 seconds
2025-10-24 10:39:25,122 - INFO - Output file: weblate_performance.csv
2025-10-24 10:39:25,122 - INFO - Monitoring duration: 300 seconds
2025-10-24 10:39:26,174 - INFO - Sample 1: CPU: 58.0%, Memory: 53.8%, Weblate processes: 14, Weblate CPU: 0.0%
2025-10-24 10:39:31,167 - INFO - Sample 2: CPU: 46.9%, Memory: 54.0%, Weblate processes: 14, Weblate CPU: 0.0%
2025-10-24 10:39:36,167 - INFO - Sample 3: CPU: 54.8%, Memory: 53.6%, Weblate processes: 14, Weblate CPU: 0.0%
2025-10-24 10:39:41,244 - INFO - Sample 4: CPU: 31.9%, Memory: 53.8%, Weblate processes: 14, Weblate CPU: 0.0%
2025-10-24 10:39:46,162 - INFO - Sample 5: CPU: 6.9%, Memory: 53.7%, Weblate processes: 14, Weblate CPU: 0.0%
2025-10-24 10:39:51,160 - INFO - Sample 6: CPU: 5.3%, Memory: 53.7%, Weblate processes: 14, Weblate CPU: 0.0%
2025-10-24 10:39:56,168 - INFO - Sample 7: CPU: 8.2%, Memory: 53.5%, Weblate processes: 14, Weblate CPU: 0.0%
2025-10-24 10:40:01,171 - INFO - Sample 8: CPU: 3.8%, Memory: 53.2%, Weblate processes: 14, Weblate CPU: 0.0%
2025-10-24 10:40:06,168 - INFO - Sample 9: CPU: 4.6%, Memory: 53.8%, Weblate processes: 14, Weblate CPU: 0.0%
2025-10-24 10:40:11,173 - INFO - Sample 10: CPU: 9.4%, Memory: 53.5%, Weblate processes: 15, Weblate CPU: 0.0%
2025-10-24 10:40:16,180 - INFO - Sample 11: CPU: 14.4%, Memory: 53.5%, Weblate processes: 15, Weblate CPU: 0.0%
2025-10-24 10:40:21,288 - INFO - Sample 12: CPU: 32.6%, Memory: 55.2%, Weblate processes: 15, Weblate CPU: 0.0%
2025-10-24 10:40:26,174 - INFO - Sample 13: CPU: 38.0%, Memory: 55.2%, Weblate processes: 15, Weblate CPU: 0.0%
2025-10-24 10:40:31,187 - INFO - Sample 14: CPU: 22.4%, Memory: 56.2%, Weblate processes: 15, Weblate CPU: 0.0%
2025-10-24 10:40:36,179 - INFO - Sample 15: CPU: 6.6%, Memory: 56.7%, Weblate processes: 15, Weblate CPU: 0.0%
2025-10-24 10:40:41,188 - INFO - Sample 16: CPU: 7.8%, Memory: 56.5%, Weblate processes: 15, Weblate CPU: 0.0%
2025-10-24 10:40:46,191 - INFO - Sample 17: CPU: 22.5%, Memory: 56.2%, Weblate processes: 15, Weblate CPU: 0.0%
2025-10-24 10:40:51,188 - INFO - Sample 18: CPU: 7.7%, Memory: 56.2%, Weblate processes: 15, Weblate CPU: 0.0%
2025-10-24 10:40:56,197 - INFO - Sample 19: CPU: 21.3%, Memory: 56.2%, Weblate processes: 15, Weblate CPU: 0.0%
2025-10-24 10:41:01,201 - INFO - Sample 20: CPU: 19.3%, Memory: 57.0%, Weblate processes: 15, Weblate CPU: 0.0%
2025-10-24 10:41:06,195 - INFO - Sample 21: CPU: 5.3%, Memory: 56.9%, Weblate processes: 15, Weblate CPU: 0.0%
2025-10-24 10:41:11,208 - INFO - Sample 22: CPU: 12.0%, Memory: 56.9%, Weblate processes: 15, Weblate CPU: 0.0%
2025-10-24 10:41:16,260 - INFO - Sample 23: CPU: 61.8%, Memory: 54.7%, Weblate processes: 15, Weblate CPU: 0.0%
2025-10-24 10:41:21,247 - INFO - Sample 24: CPU: 37.3%, Memory: 55.3%, Weblate processes: 15, Weblate CPU: 17110.1%
2025-10-24 10:41:26,215 - INFO - Sample 25: CPU: 8.9%, Memory: 55.5%, Weblate processes: 15, Weblate CPU: 0.0%
2025-10-24 10:41:31,207 - INFO - Sample 26: CPU: 2.3%, Memory: 55.7%, Weblate processes: 15, Weblate CPU: 0.0%
2025-10-24 10:41:36,255 - INFO - Sample 27: CPU: 22.8%, Memory: 55.5%, Weblate processes: 15, Weblate CPU: 0.0%
2025-10-24 10:41:41,212 - INFO - Sample 28: CPU: 7.6%, Memory: 55.7%, Weblate processes: 15, Weblate CPU: 0.0%
2025-10-24 10:41:46,218 - INFO - Sample 29: CPU: 17.4%, Memory: 57.3%, Weblate processes: 15, Weblate CPU: 0.0%
2025-10-24 10:41:51,221 - INFO - Sample 30: CPU: 20.6%, Memory: 57.0%, Weblate processes: 15, Weblate CPU: 0.0%
2025-10-24 10:41:56,215 - INFO - Sample 31: CPU: 6.1%, Memory: 57.3%, Weblate processes: 15, Weblate CPU: 0.0%
2025-10-24 10:42:01,220 - INFO - Sample 32: CPU: 9.4%, Memory: 57.0%, Weblate processes: 15, Weblate CPU: 0.0%
2025-10-24 10:42:06,219 - INFO - Sample 33: CPU: 5.1%, Memory: 57.5%, Weblate processes: 15, Weblate CPU: 0.0%
2025-10-24 10:42:11,222 - INFO - Sample 34: CPU: 6.6%, Memory: 57.2%, Weblate processes: 15, Weblate CPU: 0.0%
2025-10-24 10:42:16,240 - INFO - Sample 35: CPU: 11.0%, Memory: 57.3%, Weblate processes: 15, Weblate CPU: 0.0%
2025-10-24 10:42:21,303 - INFO - Sample 36: CPU: 25.1%, Memory: 56.7%, Weblate processes: 14, Weblate CPU: 0.0%
2025-10-24 10:42:26,235 - INFO - Sample 37: CPU: 25.3%, Memory: 58.2%, Weblate processes: 14, Weblate CPU: 0.0%
2025-10-24 10:42:31,221 - INFO - Sample 38: CPU: 22.2%, Memory: 57.6%, Weblate processes: 16, Weblate CPU: 0.0%
2025-10-24 10:42:36,239 - INFO - Sample 39: CPU: 15.7%, Memory: 57.0%, Weblate processes: 14, Weblate CPU: 0.0%
2025-10-24 10:42:41,224 - INFO - Sample 40: CPU: 17.1%, Memory: 55.4%, Weblate processes: 14, Weblate CPU: 0.0%
2025-10-24 10:42:46,223 - INFO - Sample 41: CPU: 3.3%, Memory: 55.0%, Weblate processes: 14, Weblate CPU: 0.0%
2025-10-24 10:42:51,232 - INFO - Sample 42: CPU: 16.2%, Memory: 54.8%, Weblate processes: 14, Weblate CPU: 0.0%
2025-10-24 10:42:56,254 - INFO - Sample 43: CPU: 14.8%, Memory: 55.6%, Weblate processes: 15, Weblate CPU: 0.0%
2025-10-24 10:43:01,238 - INFO - Sample 44: CPU: 11.2%, Memory: 55.7%, Weblate processes: 15, Weblate CPU: 0.0%
2025-10-24 10:43:06,248 - INFO - Sample 45: CPU: 9.3%, Memory: 55.6%, Weblate processes: 15, Weblate CPU: 0.0%
2025-10-24 10:43:11,251 - INFO - Sample 46: CPU: 3.0%, Memory: 55.5%, Weblate processes: 15, Weblate CPU: 0.0%
2025-10-24 10:43:16,300 - INFO - Sample 47: CPU: 7.5%, Memory: 55.6%, Weblate processes: 15, Weblate CPU: 0.0%
2025-10-24 10:43:21,234 - INFO - Sample 48: CPU: 8.5%, Memory: 53.5%, Weblate processes: 15, Weblate CPU: 0.0%
2025-10-24 10:43:26,240 - INFO - Sample 49: CPU: 18.2%, Memory: 53.5%, Weblate processes: 16, Weblate CPU: 0.0%
2025-10-24 10:43:31,243 - INFO - Sample 50: CPU: 3.8%, Memory: 53.9%, Weblate processes: 16, Weblate CPU: 0.0%
2025-10-24 10:43:36,245 - INFO - Sample 51: CPU: 27.5%, Memory: 53.8%, Weblate processes: 15, Weblate CPU: 0.0%
2025-10-24 10:43:41,259 - INFO - Sample 52: CPU: 18.6%, Memory: 56.7%, Weblate processes: 18, Weblate CPU: 0.0%
2025-10-24 10:43:46,265 - INFO - Sample 53: CPU: 15.6%, Memory: 54.6%, Weblate processes: 16, Weblate CPU: 0.0%
2025-10-24 10:43:51,263 - INFO - Sample 54: CPU: 2.8%, Memory: 54.3%, Weblate processes: 16, Weblate CPU: 0.0%
2025-10-24 10:43:56,275 - INFO - Sample 55: CPU: 30.3%, Memory: 54.2%, Weblate processes: 16, Weblate CPU: 0.0%
2025-10-24 10:44:01,280 - INFO - Sample 56: CPU: 38.4%, Memory: 57.8%, Weblate processes: 19, Weblate CPU: 0.0%
2025-10-24 10:44:06,276 - INFO - Sample 57: CPU: 26.6%, Memory: 55.7%, Weblate processes: 16, Weblate CPU: 0.0%
2025-10-24 10:44:11,266 - INFO - Sample 58: CPU: 9.5%, Memory: 55.3%, Weblate processes: 18, Weblate CPU: 0.0%
2025-10-24 10:44:16,293 - INFO - Sample 59: CPU: 43.5%, Memory: 57.3%, Weblate processes: 17, Weblate CPU: 0.0%
2025-10-24 10:44:21,395 - INFO - Sample 60: CPU: 38.6%, Memory: 55.5%, Weblate processes: 22, Weblate CPU: 0.0%
2025-10-24 10:44:26,275 - INFO - Sample 61: CPU: 28.8%, Memory: 56.1%, Weblate processes: 23, Weblate CPU: 0.0%
2025-10-24 10:44:26,275 - INFO - Monitoring duration completed
2025-10-24 10:44:26,275 - INFO - Monitoring stopped. Total samples: 61
2025-10-24 10:44:26,275 - INFO - Results saved to: weblate_performance.csv
2025-10-24 11:04:42,674 - INFO - CSV file initialized: weblate_performance.csv
2025-10-24 11:04:42,675 - INFO - Starting Weblate system monitoring...
2025-10-24 11:04:42,676 - INFO - Monitoring interval: 5 seconds
2025-10-24 11:04:42,676 - INFO - Output file: weblate_performance.csv
2025-10-24 11:04:42,676 - INFO - Monitoring duration: 30 seconds
2025-10-24 11:04:43,747 - INFO - Sample 1: CPU: 66.0%, Memory: 71.0%, Weblate processes: 7, Weblate CPU: 0.0%
2025-10-24 11:04:48,738 - INFO - Sample 2: CPU: 57.4%, Memory: 71.0%, Weblate processes: 7, Weblate CPU: 0.0%
2025-10-24 11:04:53,733 - INFO - Sample 3: CPU: 60.3%, Memory: 70.8%, Weblate processes: 7, Weblate CPU: 0.0%
2025-10-24 11:04:58,754 - INFO - Sample 4: CPU: 59.8%, Memory: 70.7%, Weblate processes: 7, Weblate CPU: 0.0%
2025-10-24 11:05:03,733 - INFO - Sample 5: CPU: 56.6%, Memory: 70.7%, Weblate processes: 7, Weblate CPU: 0.0%
2025-10-24 11:05:08,755 - INFO - Sample 6: CPU: 54.2%, Memory: 70.8%, Weblate processes: 7, Weblate CPU: 0.0%
2025-10-24 11:05:13,739 - INFO - Sample 7: CPU: 54.5%, Memory: 71.0%, Weblate processes: 7, Weblate CPU: 0.0%
2025-10-24 11:05:13,741 - INFO - Monitoring duration completed
2025-10-24 11:05:13,742 - INFO - Monitoring stopped. Total samples: 7
2025-10-24 11:05:13,742 - INFO - Results saved to: weblate_performance.csv
2025-10-24 11:09:09,041 - INFO - CSV file initialized: weblate_performance.csv
2025-10-24 11:09:09,041 - INFO - Starting Weblate system monitoring...
2025-10-24 11:09:09,042 - INFO - Monitoring interval: 5 seconds
2025-10-24 11:09:09,042 - INFO - Output file: weblate_performance.csv
2025-10-24 11:09:09,042 - INFO - Monitoring duration: 60 seconds
2025-10-24 11:09:10,107 - INFO - Sample 1: CPU: 63.8%, Memory: 71.2%, Weblate processes: 7, Weblate CPU: 0.0%
2025-10-24 11:09:15,101 - INFO - Sample 2: CPU: 60.5%, Memory: 71.3%, Weblate processes: 7, Weblate CPU: 0.0%
2025-10-24 11:09:20,100 - INFO - Sample 3: CPU: 53.5%, Memory: 71.2%, Weblate processes: 7, Weblate CPU: 0.0%
2025-10-24 11:09:25,117 - INFO - Sample 4: CPU: 67.5%, Memory: 71.3%, Weblate processes: 7, Weblate CPU: 0.0%
2025-10-24 11:09:30,175 - INFO - Sample 5: CPU: 69.1%, Memory: 74.1%, Weblate processes: 7, Weblate CPU: 0.0%
2025-10-24 11:09:35,106 - INFO - Sample 6: CPU: 36.3%, Memory: 72.4%, Weblate processes: 7, Weblate CPU: 0.0%
2025-10-24 11:09:40,115 - INFO - Sample 7: CPU: 78.7%, Memory: 72.1%, Weblate processes: 7, Weblate CPU: 0.0%
2025-10-24 11:09:45,223 - INFO - Sample 8: CPU: 64.0%, Memory: 72.4%, Weblate processes: 7, Weblate CPU: 0.0%
2025-10-24 11:09:50,110 - INFO - Sample 9: CPU: 41.4%, Memory: 72.4%, Weblate processes: 7, Weblate CPU: 0.0%
2025-10-24 11:09:55,113 - INFO - Sample 10: CPU: 53.2%, Memory: 72.8%, Weblate processes: 7, Weblate CPU: 0.0%
2025-10-24 11:10:00,166 - INFO - Sample 11: CPU: 62.1%, Memory: 73.1%, Weblate processes: 7, Weblate CPU: 0.0%
2025-10-24 11:10:05,223 - INFO - Sample 12: CPU: 82.7%, Memory: 72.4%, Weblate processes: 7, Weblate CPU: 0.0%
2025-10-24 11:10:10,111 - INFO - Sample 13: CPU: 86.5%, Memory: 73.0%, Weblate processes: 7, Weblate CPU: 0.0%
2025-10-24 11:10:10,113 - INFO - Monitoring duration completed
2025-10-24 11:10:10,113 - INFO - Monitoring stopped. Total samples: 13
2025-10-24 11:10:10,114 - INFO - Results saved to: weblate_performance.csv
2025-10-24 11:12:19,080 - INFO - CSV file initialized: weblate_performance.csv
2025-10-24 11:12:19,081 - INFO - Starting Weblate system monitoring...
2025-10-24 11:12:19,081 - INFO - Monitoring interval: 5 seconds
2025-10-24 11:12:19,082 - INFO - Output file: weblate_performance.csv
2025-10-24 11:12:19,082 - INFO - Monitoring duration: 300 seconds
2025-10-24 11:12:20,127 - INFO - Sample 1: CPU: 69.8%, Memory: 73.2%, Weblate processes: 7, Weblate CPU: 0.0%
2025-10-24 11:12:25,165 - INFO - Sample 2: CPU: 78.4%, Memory: 73.7%, Weblate processes: 7, Weblate CPU: 0.0%
2025-10-24 11:12:30,164 - INFO - Sample 3: CPU: 44.3%, Memory: 73.5%, Weblate processes: 7, Weblate CPU: 0.0%
2025-10-24 11:12:35,152 - INFO - Sample 4: CPU: 74.6%, Memory: 72.8%, Weblate processes: 7, Weblate CPU: 0.0%
2025-10-24 11:12:40,135 - INFO - Sample 5: CPU: 17.6%, Memory: 71.7%, Weblate processes: 7, Weblate CPU: 0.0%
2025-10-24 11:12:45,127 - INFO - Sample 6: CPU: 23.2%, Memory: 70.4%, Weblate processes: 7, Weblate CPU: 0.0%
2025-10-24 11:12:50,129 - INFO - Sample 7: CPU: 19.1%, Memory: 70.7%, Weblate processes: 7, Weblate CPU: 0.0%
2025-10-24 11:12:55,137 - INFO - Sample 8: CPU: 12.7%, Memory: 70.4%, Weblate processes: 7, Weblate CPU: 0.0%
2025-10-24 11:13:00,142 - INFO - Sample 9: CPU: 23.9%, Memory: 70.6%, Weblate processes: 7, Weblate CPU: 0.0%
2025-10-24 11:13:05,180 - INFO - Sample 10: CPU: 51.3%, Memory: 70.8%, Weblate processes: 7, Weblate CPU: 0.0%
2025-10-24 11:13:10,174 - INFO - Sample 11: CPU: 14.1%, Memory: 70.7%, Weblate processes: 7, Weblate CPU: 0.0%
2025-10-24 11:13:15,173 - INFO - Sample 12: CPU: 69.1%, Memory: 70.8%, Weblate processes: 7, Weblate CPU: 0.0%
2025-10-24 11:13:20,220 - INFO - Sample 13: CPU: 47.7%, Memory: 71.0%, Weblate processes: 7, Weblate CPU: 0.0%
2025-10-24 11:13:25,181 - INFO - Sample 14: CPU: 6.4%, Memory: 71.5%, Weblate processes: 7, Weblate CPU: 0.0%
2025-10-24 11:13:30,206 - INFO - Sample 15: CPU: 67.0%, Memory: 71.9%, Weblate processes: 7, Weblate CPU: 0.0%
2025-10-24 11:13:35,256 - INFO - Sample 16: CPU: 45.1%, Memory: 73.3%, Weblate processes: 7, Weblate CPU: 0.0%
2025-10-24 11:13:40,179 - INFO - Sample 17: CPU: 29.7%, Memory: 72.5%, Weblate processes: 7, Weblate CPU: 0.0%
2025-10-24 11:13:45,193 - INFO - Sample 18: CPU: 54.4%, Memory: 72.4%, Weblate processes: 7, Weblate CPU: 0.0%
2025-10-24 11:13:50,177 - INFO - Sample 19: CPU: 11.1%, Memory: 72.4%, Weblate processes: 7, Weblate CPU: 0.0%
2025-10-24 11:13:55,175 - INFO - Sample 20: CPU: 11.2%, Memory: 72.4%, Weblate processes: 7, Weblate CPU: 0.0%
2025-10-24 11:14:00,216 - INFO - Sample 21: CPU: 20.5%, Memory: 72.4%, Weblate processes: 7, Weblate CPU: 0.0%
2025-10-24 11:14:05,190 - INFO - Sample 22: CPU: 11.7%, Memory: 72.5%, Weblate processes: 7, Weblate CPU: 0.0%
2025-10-24 11:14:10,206 - INFO - Sample 23: CPU: 51.7%, Memory: 72.6%, Weblate processes: 7, Weblate CPU: 0.0%
2025-10-24 11:14:15,190 - INFO - Sample 24: CPU: 20.8%, Memory: 72.4%, Weblate processes: 7, Weblate CPU: 0.0%
2025-10-24 11:14:20,192 - INFO - Sample 25: CPU: 13.8%, Memory: 72.1%, Weblate processes: 7, Weblate CPU: 0.0%
2025-10-24 11:14:25,189 - INFO - Sample 26: CPU: 8.1%, Memory: 72.3%, Weblate processes: 7, Weblate CPU: 0.0%
2025-10-24 11:14:30,193 - INFO - Sample 27: CPU: 11.6%, Memory: 72.3%, Weblate processes: 7, Weblate CPU: 0.0%
2025-10-24 11:14:35,190 - INFO - Sample 28: CPU: 8.5%, Memory: 71.2%, Weblate processes: 7, Weblate CPU: 0.0%
2025-10-24 11:14:40,191 - INFO - Sample 29: CPU: 22.6%, Memory: 71.7%, Weblate processes: 7, Weblate CPU: 0.0%
2025-10-24 11:14:45,199 - INFO - Sample 30: CPU: 17.0%, Memory: 72.7%, Weblate processes: 7, Weblate CPU: 0.0%
2025-10-24 11:14:50,216 - INFO - Sample 31: CPU: 55.5%, Memory: 72.2%, Weblate processes: 7, Weblate CPU: 0.0%
2025-10-24 11:14:55,232 - INFO - Sample 32: CPU: 69.5%, Memory: 72.6%, Weblate processes: 7, Weblate CPU: 0.0%
2025-10-24 11:15:00,228 - INFO - Sample 33: CPU: 60.7%, Memory: 72.3%, Weblate processes: 7, Weblate CPU: 0.0%
2025-10-24 11:15:05,233 - INFO - Sample 34: CPU: 57.1%, Memory: 72.0%, Weblate processes: 7, Weblate CPU: 0.0%
2025-10-24 11:15:10,271 - INFO - Sample 35: CPU: 32.9%, Memory: 71.9%, Weblate processes: 7, Weblate CPU: 0.0%
2025-10-24 11:15:15,208 - INFO - Sample 36: CPU: 12.0%, Memory: 72.2%, Weblate processes: 7, Weblate CPU: 0.0%
2025-10-24 11:15:20,207 - INFO - Sample 37: CPU: 5.3%, Memory: 72.1%, Weblate processes: 7, Weblate CPU: 0.0%
2025-10-24 11:15:25,216 - INFO - Sample 38: CPU: 16.3%, Memory: 72.0%, Weblate processes: 7, Weblate CPU: 0.0%
2025-10-24 11:15:30,200 - INFO - Sample 39: CPU: 18.6%, Memory: 72.1%, Weblate processes: 7, Weblate CPU: 0.0%
2025-10-24 11:15:35,202 - INFO - Sample 40: CPU: 68.4%, Memory: 71.2%, Weblate processes: 7, Weblate CPU: 0.0%
2025-10-24 11:15:40,247 - INFO - Sample 41: CPU: 59.9%, Memory: 71.4%, Weblate processes: 7, Weblate CPU: 0.0%
2025-10-24 11:15:45,245 - INFO - Sample 42: CPU: 74.2%, Memory: 71.2%, Weblate processes: 7, Weblate CPU: 0.0%
2025-10-24 11:15:50,251 - INFO - Sample 43: CPU: 69.4%, Memory: 71.2%, Weblate processes: 7, Weblate CPU: 0.0%
2025-10-24 11:15:55,238 - INFO - Sample 44: CPU: 68.6%, Memory: 71.5%, Weblate processes: 7, Weblate CPU: 0.0%
2025-10-24 11:16:00,298 - INFO - Sample 45: CPU: 78.7%, Memory: 72.1%, Weblate processes: 7, Weblate CPU: 0.0%
2025-10-24 11:16:05,253 - INFO - Sample 46: CPU: 70.3%, Memory: 71.4%, Weblate processes: 7, Weblate CPU: 0.0%
2025-10-24 11:16:10,248 - INFO - Sample 47: CPU: 70.3%, Memory: 71.5%, Weblate processes: 7, Weblate CPU: 0.0%
2025-10-24 11:16:15,244 - INFO - Sample 48: CPU: 59.0%, Memory: 71.6%, Weblate processes: 7, Weblate CPU: 0.0%
2025-10-24 11:16:20,266 - INFO - Sample 49: CPU: 36.4%, Memory: 71.6%, Weblate processes: 7, Weblate CPU: 0.0%
2025-10-24 11:16:25,240 - INFO - Sample 50: CPU: 57.8%, Memory: 71.6%, Weblate processes: 7, Weblate CPU: 0.0%
2025-10-24 11:16:30,238 - INFO - Sample 51: CPU: 35.7%, Memory: 71.8%, Weblate processes: 7, Weblate CPU: 0.0%
2025-10-24 11:16:35,284 - INFO - Sample 52: CPU: 74.5%, Memory: 71.9%, Weblate processes: 7, Weblate CPU: 0.0%
2025-10-24 11:16:40,244 - INFO - Sample 53: CPU: 58.4%, Memory: 72.4%, Weblate processes: 7, Weblate CPU: 0.0%
2025-10-24 11:16:45,226 - INFO - Sample 54: CPU: 9.3%, Memory: 73.1%, Weblate processes: 7, Weblate CPU: 0.0%
2025-10-24 11:16:50,245 - INFO - Sample 55: CPU: 34.4%, Memory: 72.9%, Weblate processes: 7, Weblate CPU: 0.0%
2025-10-24 11:16:55,220 - INFO - Sample 56: CPU: 18.3%, Memory: 72.9%, Weblate processes: 7, Weblate CPU: 0.0%
2025-10-24 11:17:00,244 - INFO - Sample 57: CPU: 17.9%, Memory: 72.9%, Weblate processes: 7, Weblate CPU: 0.0%
2025-10-24 11:17:05,223 - INFO - Sample 58: CPU: 3.8%, Memory: 72.9%, Weblate processes: 7, Weblate CPU: 0.0%
2025-10-24 11:17:10,241 - INFO - Sample 59: CPU: 23.1%, Memory: 72.9%, Weblate processes: 7, Weblate CPU: 0.0%
2025-10-24 11:17:15,222 - INFO - Sample 60: CPU: 7.4%, Memory: 73.0%, Weblate processes: 7, Weblate CPU: 0.0%
2025-10-24 11:17:20,241 - INFO - Sample 61: CPU: 11.7%, Memory: 73.0%, Weblate processes: 7, Weblate CPU: 19632.5%
2025-10-24 11:17:20,241 - INFO - Monitoring duration completed
2025-10-24 11:17:20,241 - INFO - Monitoring stopped. Total samples: 61
2025-10-24 11:17:20,241 - INFO - Results saved to: weblate_performance.csv
